<?xml version="1.0" encoding="UTF-8"?>
<testsuite xmlns:xsi="http://www.w3.org/2001/XMLSchema-instance" xsi:noNamespaceSchemaLocation="https://maven.apache.org/surefire/maven-surefire-plugin/xsd/surefire-test-report-3.0.xsd" version="3.0" name="com.proyectodeaula.proyecto_de_aula.ProyectoAulaApplicationTests" time="6.311" tests="1" errors="0" skipped="0" failures="0">
  <properties>
[...]
</properties>
  <testcase name="contextLoads" classname="com.proyectodeaula.proyecto_de_aula.ProyectoAulaApplicationTests" time="0.321">
    <system-out><![CDATA[23:50:28.780 [main] INFO org.springframework.test.context.support.AnnotationConfigContextLoaderUtils -- Could not detect default configuration classes for test class [com.proyectodeaula.proyecto_de_aula.ProyectoAulaApplicationTests]: ProyectoAulaApplicationTests does not declare any static, non-private, non-final, nested classes annotated with @Configuration.
23:50:28.877 [main] INFO org.springframework.boot.test.context.SpringBootTestContextBootstrapper -- Found @SpringBootConfiguration com.proyectodeaula.proyecto_de_aula.ProyectoAulaApplication for test class com.proyectodeaula.proyecto_de_aula.ProyectoAulaApplicationTests
23:50:29.039 [main] INFO org.springframework.boot.devtools.restart.RestartApplicationListener -- Restart disabled due to context in which it is running

  .   ____          _            __ _ _
 /\\ / ___'_ __ _ _(_)_ __  __ _ \ \ \ \
( ( )\___ | '_ | '_| | '_ \/ _` | \ \ \ \
 \\/  ___)| |_)| | | | | || (_| |  ) ) ) )
  '  |____| .__|_| |_|_| |_\__, | / / / /
 =========|_|==============|___/=/_/_/_/

 :: Spring Boot ::                (v3.3.8)

2025-04-23T23:50:29.269-05:00  INFO 12744 --- [           main] c.p.p.ProyectoAulaApplicationTests       : Starting ProyectoAulaApplicationTests using Java 17.0.12 with PID 12744 (started by adria in D:\Actividades\Sexto semestre\proyecto_de_aula)
2025-04-23T23:50:29.270-05:00  INFO 12744 --- [           main] c.p.p.ProyectoAulaApplicationTests       : No active profile set, falling back to 1 default profile: "default"
2025-04-23T23:50:30.090-05:00  INFO 12744 --- [           main] .s.d.r.c.RepositoryConfigurationDelegate : Bootstrapping Spring Data JPA repositories in DEFAULT mode.
2025-04-23T23:50:30.166-05:00  INFO 12744 --- [           main] .s.d.r.c.RepositoryConfigurationDelegate : Finished Spring Data repository scanning in 68 ms. Found 8 JPA repository interfaces.
2025-04-23T23:50:30.788-05:00  INFO 12744 --- [           main] o.hibernate.jpa.internal.util.LogHelper  : HHH000204: Processing PersistenceUnitInfo [name: default]
2025-04-23T23:50:30.851-05:00  INFO 12744 --- [           main] org.hibernate.Version                    : HHH000412: Hibernate ORM core version 6.5.3.Final
2025-04-23T23:50:30.884-05:00  INFO 12744 --- [           main] o.h.c.internal.RegionFactoryInitiator    : HHH000026: Second-level cache disabled
2025-04-23T23:50:31.198-05:00  INFO 12744 --- [           main] o.s.o.j.p.SpringPersistenceUnitInfo      : No LoadTimeWeaver setup: ignoring JPA class transformer
2025-04-23T23:50:31.223-05:00  INFO 12744 --- [           main] com.zaxxer.hikari.HikariDataSource       : HikariPool-1 - Starting...
2025-04-23T23:50:31.333-05:00  INFO 12744 --- [           main] com.zaxxer.hikari.pool.HikariPool        : HikariPool-1 - Added connection com.mysql.cj.jdbc.ConnectionImpl@1d5048d1
2025-04-23T23:50:31.335-05:00  INFO 12744 --- [           main] com.zaxxer.hikari.HikariDataSource       : HikariPool-1 - Start completed.
2025-04-23T23:50:31.351-05:00  WARN 12744 --- [           main] org.hibernate.orm.deprecation            : HHH90000025: MySQL8Dialect does not need to be specified explicitly using 'hibernate.dialect' (remove the property setting and it will be selected by default)
2025-04-23T23:50:31.352-05:00  WARN 12744 --- [           main] org.hibernate.orm.deprecation            : HHH90000026: MySQL8Dialect has been deprecated; use org.hibernate.dialect.MySQLDialect instead
2025-04-23T23:50:32.082-05:00  INFO 12744 --- [           main] o.h.e.t.j.p.i.JtaPlatformInitiator       : HHH000489: No JTA platform available (set 'hibernate.transaction.jta.platform' to enable JTA platform integration)
Hibernate: alter table empresas modify column contraseña VARCHAR(300) not null
Hibernate: alter table empresas modify column email VARCHAR(45) not null
Hibernate: alter table empresas modify column foto LONGBLOB
Hibernate: alter table empresas modify column nombre_emp varchar(45) not null
Hibernate: alter table empresas modify column razon_social varchar(45) not null
Hibernate: alter table hoja_de_vida modify column apellido VARCHAR(45) not null
Hibernate: alter table hoja_de_vida modify column cargar_certificado LONGBLOB
Hibernate: alter table hoja_de_vida modify column cargo VARCHAR(45)
Hibernate: alter table hoja_de_vida modify column ciudad VARCHAR(45) not null
Hibernate: alter table hoja_de_vida modify column email VARCHAR(45) not null
Hibernate: alter table hoja_de_vida modify column estado_civil VARCHAR(45) not null
Hibernate: alter table hoja_de_vida modify column idioma VARCHAR(45)
Hibernate: alter table hoja_de_vida modify column nacionalidad VARCHAR(45) not null
Hibernate: alter table hoja_de_vida modify column nivel VARCHAR(45)
Hibernate: alter table hoja_de_vida modify column nombre VARCHAR(45) not null
Hibernate: alter table hoja_de_vida modify column pais VARCHAR(45) not null
Hibernate: alter table hoja_de_vida modify column titulo VARCHAR(45)
Hibernate: alter table ofertas modify column descripcion Varchar(800) not null
Hibernate: alter table ofertas modify column duracion Varchar(45) not null
Hibernate: alter table ofertas modify column modalidad varchar(45) not null
Hibernate: alter table ofertas modify column moneda Varchar(45) not null
Hibernate: alter table ofertas modify column nivel_educativo varchar(50) not null
Hibernate: alter table ofertas modify column periodo Varchar(45) not null
Hibernate: alter table ofertas modify column tipo_contrato varchar(45) not null
Hibernate: alter table ofertas modify column tipo_empleo Varchar(45) not null
Hibernate: alter table ofertas modify column titulo_puesto Varchar(45) not null
Hibernate: alter table personas modify column apellido VARCHAR(45) not null
Hibernate: alter table personas modify column cv LONGBLOB
Hibernate: alter table personas modify column email VARCHAR(45) not null
Hibernate: alter table personas modify column foto LONGBLOB
Hibernate: alter table personas modify column genero VARCHAR(20) not null
Hibernate: alter table personas modify column cedula VARCHAR(20) not null
Hibernate: alter table personas modify column nombre VARCHAR(45) not null
Hibernate: alter table personas modify column tipo_identificacion VARCHAR(20) not null
Hibernate: alter table postulacion modify column estado VARCHAR(45) not null
2025-04-23T23:50:32.247-05:00  INFO 12744 --- [           main] j.LocalContainerEntityManagerFactoryBean : Initialized JPA EntityManagerFactory for persistence unit 'default'
2025-04-23T23:50:32.781-05:00  INFO 12744 --- [           main] o.s.d.j.r.query.QueryEnhancerFactory     : Hibernate is in classpath; If applicable, HQL parser will be used.
2025-04-23T23:50:33.435-05:00  WARN 12744 --- [           main] JpaBaseConfiguration$JpaWebConfiguration : spring.jpa.open-in-view is enabled by default. Therefore, database queries may be performed during view rendering. Explicitly configure spring.jpa.open-in-view to disable this warning
2025-04-23T23:50:33.469-05:00  INFO 12744 --- [           main] r$InitializeUserDetailsManagerConfigurer : Global AuthenticationManager configured with UserDetailsService bean with name userDetailsServiceImpl
2025-04-23T23:50:34.007-05:00  INFO 12744 --- [           main] o.s.b.a.e.web.EndpointLinksResolver      : Exposing 1 endpoint beneath base path '/actuator'
2025-04-23T23:50:34.603-05:00  INFO 12744 --- [           main] c.p.p.ProyectoAulaApplicationTests       : Started ProyectoAulaApplicationTests in 5.576 seconds (process running for 6.364)
]]></system-out>
  </testcase>
</testsuite>